  [4;36;1mSQL (1.5ms)[0m   [0;1m SELECT name
 FROM sqlite_master
 WHERE type = 'table' AND NOT name = 'sqlite_sequence'
[0m
  [4;35;1mSQL (0.7ms)[0m   [0mselect sqlite_version(*)[0m
  [4;36;1mSQL (88.3ms)[0m   [0;1mCREATE TABLE "schema_migrations" ("version" varchar(255) NOT NULL) [0m
  [4;35;1mSQL (16.0ms)[0m   [0mCREATE UNIQUE INDEX "unique_schema_migrations" ON "schema_migrations" ("version")[0m
  [4;36;1mSQL (1.5ms)[0m   [0;1m SELECT name
 FROM sqlite_master
 WHERE type = 'table' AND NOT name = 'sqlite_sequence'
[0m
  [4;35;1mSQL (0.8ms)[0m   [0mSELECT version FROM schema_migrations[0m
Migrating to CreateUsers (20090613165225)
  [4;36;1mSQL (3.7ms)[0m   [0;1mCREATE TABLE "users" ("id" INTEGER PRIMARY KEY AUTOINCREMENT NOT NULL, "name" varchar(255), "email" varchar(255), "address" text, "active" boolean, "created_at" datetime, "updated_at" datetime) [0m
  [4;35;1mSQL (74.2ms)[0m   [0mINSERT INTO schema_migrations (version) VALUES ('20090613165225')[0m
  [4;36;1mSQL (1.2ms)[0m   [0;1m SELECT name
 FROM sqlite_master
 WHERE type = 'table' AND NOT name = 'sqlite_sequence'
[0m
  [4;35;1mSQL (0.7ms)[0m   [0mSELECT version FROM schema_migrations[0m
  [4;36;1mSQL (0.8ms)[0m   [0;1m SELECT name
 FROM sqlite_master
 WHERE type = 'table' AND NOT name = 'sqlite_sequence'
[0m
  [4;35;1mSQL (0.3ms)[0m   [0mPRAGMA index_list("users")[0m


Processing UsersController#index (for 127.0.0.1 at 2009-06-13 10:03:10) [GET]
  [4;36;1mUser Load (1.6ms)[0m   [0;1mSELECT * FROM "users" [0m
Rendering template within layouts/users
Rendering users/index
Completed in 302ms (View: 258, DB: 2) | 200 OK [http://localhost/users]


Processing UsersController#index (for 127.0.0.1 at 2009-06-13 10:03:11) [GET]
  [4;35;1mUser Load (1.4ms)[0m   [0mSELECT * FROM "users" [0m
Rendering template within layouts/users
Rendering users/index
Completed in 43ms (View: 4, DB: 1) | 200 OK [http://localhost/users]


Processing UsersController#new (for 127.0.0.1 at 2009-06-13 10:03:16) [GET]
Rendering template within layouts/users
Rendering users/new
Completed in 64ms (View: 43, DB: 0) | 200 OK [http://localhost/users/new]


Processing UsersController#create (for 127.0.0.1 at 2009-06-13 10:03:52) [POST]
  Parameters: {"user"=>{"name"=>"rubykitty", "address"=>"", "active"=>"1", "email"=>"gingerkitty08@gmail.com"}, "commit"=>"Create", "authenticity_token"=>"yeI1XTwqe9xdvhmr5VKGBek7AsLe8NVsPplcUTrw0lo="}
  [4;36;1mUser Create (9.5ms)[0m   [0;1mINSERT INTO "users" ("name", "updated_at", "address", "email", "active", "created_at") VALUES('rubykitty', '2009-06-13 17:03:52', '', 'gingerkitty08@gmail.com', 't', '2009-06-13 17:03:52')[0m
Redirected to http://localhost:3000/users/1
Completed in 139ms (DB: 9) | 302 Found [http://localhost/users]


Processing UsersController#show (for 127.0.0.1 at 2009-06-13 10:03:52) [GET]
  Parameters: {"id"=>"1"}
  [4;35;1mUser Load (1.1ms)[0m   [0mSELECT * FROM "users" WHERE ("users"."id" = 1) [0m
Rendering template within layouts/users
Rendering users/show
Completed in 92ms (View: 60, DB: 1) | 200 OK [http://localhost/users/1]
